# JRE version: OpenJDK Runtime Environment Temurin-21.0.8+9 (21.0.8+9) (build 21.0.8+9-LTS)
# Java VM: OpenJDK 64-Bit Server VM Temurin-21.0.8+9 (21.0.8+9-LTS, mixed mode, sharing, tiered, compressed oops, compressed class ptrs, parallel gc, windows-amd64)
GC Precious Log:
 CardTable entry size: 512
 CPUs: 8 total, 8 available
 Memory: 7502M
 Large Page Support: Disabled
 NUMA Support: Disabled
 Compressed Oops: Enabled (32-bit)
 Alignments: Space 512K, Generation 512K, Heap 2M
 Heap Min Capacity: 100M
 Heap Initial Capacity: 100M
 Heap Max Capacity: 2G
 Pre-touch: Disabled
 Parallel Workers: 8
Heap:
 PSYoungGen      total 5632K, used 5344K [0x00000000d5580000, 0x00000000d6000000, 0x0000000100000000)
  eden space 5120K, 100% used [0x00000000d5580000,0x00000000d5a80000,0x00000000d5a80000)
  from space 512K, 43% used [0x00000000d5f80000,0x00000000d5fb8000,0x00000000d6000000)
  to   space 512K, 0% used [0x00000000d5f00000,0x00000000d5f00000,0x00000000d5f80000)
 ParOldGen       total 475136K, used 475052K [0x0000000080000000, 0x000000009d000000, 0x00000000d5580000)
  object space 475136K, 99% used [0x0000000080000000,0x000000009cfeb340,0x000000009d000000)
 Metaspace       used 72226K, committed 73664K, reserved 1114112K
  class space    used 8029K, committed 8704K, reserved 1048576K
GC Heap History (20 events):
Event: 569.683 GC heap before
{Heap before GC invocations=3052 (full 4):
 PSYoungGen      total 6144K, used 5728K [0x00000000d5580000, 0x00000000d5e80000, 0x0000000100000000)
  eden space 3072K, 100% used [0x00000000d5580000,0x00000000d5880000,0x00000000d5880000)
  from space 3072K, 86% used [0x00000000d5b80000,0x00000000d5e18000,0x00000000d5e80000)
  to   space 3072K, 0% used [0x00000000d5880000,0x00000000d5880000,0x00000000d5b80000)
 ParOldGen       total 464384K, used 464220K [0x0000000080000000, 0x000000009c580000, 0x00000000d5580000)
  object space 464384K, 99% used [0x0000000080000000,0x000000009c557340,0x000000009c580000)
 Metaspace       used 72201K, committed 73664K, reserved 1114112K
  class space    used 8029K, committed 8704K, reserved 1048576K
}
Event: 569.699 GC heap after
{Heap after GC invocations=3052 (full 4):
 PSYoungGen      total 6144K, used 2800K [0x00000000d5580000, 0x00000000d5f80000, 0x0000000100000000)
  eden space 3072K, 0% used [0x00000000d5580000,0x00000000d5580000,0x00000000d5880000)
  from space 3072K, 91% used [0x00000000d5880000,0x00000000d5b3c000,0x00000000d5b80000)
  to   space 3072K, 0% used [0x00000000d5c80000,0x00000000d5c80000,0x00000000d5f80000)
 ParOldGen       total 466944K, used 466804K [0x0000000080000000, 0x000000009c800000, 0x00000000d5580000)
  object space 466944K, 99% used [0x0000000080000000,0x000000009c7dd340,0x000000009c800000)
 Metaspace       used 72201K, committed 73664K, reserved 1114112K
  class space    used 8029K, committed 8704K, reserved 1048576K
}
Event: 569.930 GC heap before
{Heap before GC invocations=3053 (full 4):
 PSYoungGen      total 6144K, used 5872K [0x00000000d5580000, 0x00000000d5f80000, 0x0000000100000000)
  eden space 3072K, 100% used [0x00000000d5580000,0x00000000d5880000,0x00000000d5880000)
  from space 3072K, 91% used [0x00000000d5880000,0x00000000d5b3c000,0x00000000d5b80000)
  to   space 3072K, 0% used [0x00000000d5c80000,0x00000000d5c80000,0x00000000d5f80000)
 ParOldGen       total 466944K, used 466804K [0x0000000080000000, 0x000000009c800000, 0x00000000d5580000)
  object space 466944K, 99% used [0x0000000080000000,0x000000009c7dd340,0x000000009c800000)
 Metaspace       used 72201K, committed 73664K, reserved 1114112K
  class space    used 8029K, committed 8704K, reserved 1048576K
}
Event: 569.941 GC heap after
{Heap after GC invocations=3053 (full 4):
 PSYoungGen      total 7168K, used 2528K [0x00000000d5580000, 0x00000000d5f80000, 0x0000000100000000)
  eden space 4096K, 0% used [0x00000000d5580000,0x00000000d5580000,0x00000000d5980000)
  from space 3072K, 82% used [0x00000000d5c80000,0x00000000d5ef8000,0x00000000d5f80000)
  to   space 3072K, 0% used [0x00000000d5980000,0x00000000d5980000,0x00000000d5c80000)
 ParOldGen       total 469504K, used 469228K [0x0000000080000000, 0x000000009ca80000, 0x00000000d5580000)
  object space 469504K, 99% used [0x0000000080000000,0x000000009ca3b340,0x000000009ca80000)
 Metaspace       used 72201K, committed 73664K, reserved 1114112K
  class space    used 8029K, committed 8704K, reserved 1048576K
}
Event: 570.245 GC heap before
{Heap before GC invocations=3054 (full 4):
 PSYoungGen      total 7168K, used 6624K [0x00000000d5580000, 0x00000000d5f80000, 0x0000000100000000)
  eden space 4096K, 100% used [0x00000000d5580000,0x00000000d5980000,0x00000000d5980000)
  from space 3072K, 82% used [0x00000000d5c80000,0x00000000d5ef8000,0x00000000d5f80000)
  to   space 3072K, 0% used [0x00000000d5980000,0x00000000d5980000,0x00000000d5c80000)
 ParOldGen       total 469504K, used 469228K [0x0000000080000000, 0x000000009ca80000, 0x00000000d5580000)
  object space 469504K, 99% used [0x0000000080000000,0x000000009ca3b340,0x000000009ca80000)
 Metaspace       used 72201K, committed 73664K, reserved 1114112K
  class space    used 8029K, committed 8704K, reserved 1048576K
}
Event: 570.263 GC heap after
{Heap after GC invocations=3054 (full 4):
 PSYoungGen      total 7168K, used 3072K [0x00000000d5580000, 0x00000000d6580000, 0x0000000100000000)
  eden space 4096K, 0% used [0x00000000d5580000,0x00000000d5580000,0x00000000d5980000)
  from space 3072K, 100% used [0x00000000d5980000,0x00000000d5c80000,0x00000000d5c80000)
  to   space 5632K, 0% used [0x00000000d6000000,0x00000000d6000000,0x00000000d6580000)
 ParOldGen       total 471552K, used 471308K [0x0000000080000000, 0x000000009cc80000, 0x00000000d5580000)
  object space 471552K, 99% used [0x0000000080000000,0x000000009cc43340,0x000000009cc80000)
 Metaspace       used 72201K, committed 73664K, reserved 1114112K
  class space    used 8029K, committed 8704K, reserved 1048576K
}
Event: 573.839 GC heap before
{Heap before GC invocations=3055 (full 4):
 PSYoungGen      total 7168K, used 7168K [0x00000000d5580000, 0x00000000d6580000, 0x0000000100000000)
  eden space 4096K, 100% used [0x00000000d5580000,0x00000000d5980000,0x00000000d5980000)
  from space 3072K, 100% used [0x00000000d5980000,0x00000000d5c80000,0x00000000d5c80000)
  to   space 5632K, 0% used [0x00000000d6000000,0x00000000d6000000,0x00000000d6580000)
 ParOldGen       total 471552K, used 471308K [0x0000000080000000, 0x000000009cc80000, 0x00000000d5580000)
  object space 471552K, 99% used [0x0000000080000000,0x000000009cc43340,0x000000009cc80000)
 Metaspace       used 72208K, committed 73664K, reserved 1114112K
  class space    used 8029K, committed 8704K, reserved 1048576K
}
Event: 573.855 GC heap after
{Heap after GC invocations=3055 (full 4):
 PSYoungGen      total 6144K, used 672K [0x00000000d5580000, 0x00000000d6100000, 0x0000000100000000)
  eden space 5120K, 0% used [0x00000000d5580000,0x00000000d5580000,0x00000000d5a80000)
  from space 1024K, 65% used [0x00000000d6000000,0x00000000d60a8000,0x00000000d6100000)
  to   space 2560K, 0% used [0x00000000d5c00000,0x00000000d5c00000,0x00000000d5e80000)
 ParOldGen       total 474624K, used 474388K [0x0000000080000000, 0x000000009cf80000, 0x00000000d5580000)
  object space 474624K, 99% used [0x0000000080000000,0x000000009cf45340,0x000000009cf80000)
 Metaspace       used 72208K, committed 73664K, reserved 1114112K
  class space    used 8029K, committed 8704K, reserved 1048576K
}
Event: 592.899 GC heap before
{Heap before GC invocations=3056 (full 4):
 PSYoungGen      total 6144K, used 5792K [0x00000000d5580000, 0x00000000d6100000, 0x0000000100000000)
  eden space 5120K, 100% used [0x00000000d5580000,0x00000000d5a80000,0x00000000d5a80000)
  from space 1024K, 65% used [0x00000000d6000000,0x00000000d60a8000,0x00000000d6100000)
  to   space 2560K, 0% used [0x00000000d5c00000,0x00000000d5c00000,0x00000000d5e80000)
 ParOldGen       total 474624K, used 474388K [0x0000000080000000, 0x000000009cf80000, 0x00000000d5580000)
  object space 474624K, 99% used [0x0000000080000000,0x000000009cf45340,0x000000009cf80000)
 Metaspace       used 72210K, committed 73664K, reserved 1114112K
  class space    used 8029K, committed 8704K, reserved 1048576K
}
Event: 592.906 GC heap after
{Heap after GC invocations=3056 (full 4):
 PSYoungGen      total 7680K, used 192K [0x00000000d5580000, 0x00000000d6080000, 0x0000000100000000)
  eden space 5120K, 0% used [0x00000000d5580000,0x00000000d5580000,0x00000000d5a80000)
  from space 2560K, 7% used [0x00000000d5c00000,0x00000000d5c30000,0x00000000d5e80000)
  to   space 1024K, 0% used [0x00000000d5f80000,0x00000000d5f80000,0x00000000d6080000)
 ParOldGen       total 475136K, used 474908K [0x0000000080000000, 0x000000009d000000, 0x00000000d5580000)
  object space 475136K, 99% used [0x0000000080000000,0x000000009cfc7340,0x000000009d000000)
 Metaspace       used 72210K, committed 73664K, reserved 1114112K
  class space    used 8029K, committed 8704K, reserved 1048576K
}
Event: 607.423 GC heap before
{Heap before GC invocations=3057 (full 4):
 PSYoungGen      total 7680K, used 5312K [0x00000000d5580000, 0x00000000d6080000, 0x0000000100000000)
  eden space 5120K, 100% used [0x00000000d5580000,0x00000000d5a80000,0x00000000d5a80000)
  from space 2560K, 7% used [0x00000000d5c00000,0x00000000d5c30000,0x00000000d5e80000)
  to   space 1024K, 0% used [0x00000000d5f80000,0x00000000d5f80000,0x00000000d6080000)
 ParOldGen       total 475136K, used 474908K [0x0000000080000000, 0x000000009d000000, 0x00000000d5580000)
  object space 475136K, 99% used [0x0000000080000000,0x000000009cfc7340,0x000000009d000000)
 Metaspace       used 72212K, committed 73664K, reserved 1114112K
  class space    used 8029K, committed 8704K, reserved 1048576K
}
Event: 607.557 GC heap after
{Heap after GC invocations=3057 (full 4):
 PSYoungGen      total 5632K, used 128K [0x00000000d5580000, 0x00000000d6000000, 0x0000000100000000)
  eden space 5120K, 0% used [0x00000000d5580000,0x00000000d5580000,0x00000000d5a80000)
  from space 512K, 25% used [0x00000000d5f80000,0x00000000d5fa0000,0x00000000d6000000)
  to   space 512K, 0% used [0x00000000d5f00000,0x00000000d5f00000,0x00000000d5f80000)
 ParOldGen       total 475136K, used 474932K [0x0000000080000000, 0x000000009d000000, 0x00000000d5580000)
  object space 475136K, 99% used [0x0000000080000000,0x000000009cfcd340,0x000000009d000000)
 Metaspace       used 72212K, committed 73664K, reserved 1114112K
  class space    used 8029K, committed 8704K, reserved 1048576K
}
Event: 628.070 GC heap before
{Heap before GC invocations=3058 (full 4):
 PSYoungGen      total 5632K, used 5248K [0x00000000d5580000, 0x00000000d6000000, 0x0000000100000000)
  eden space 5120K, 100% used [0x00000000d5580000,0x00000000d5a80000,0x00000000d5a80000)
  from space 512K, 25% used [0x00000000d5f80000,0x00000000d5fa0000,0x00000000d6000000)
  to   space 512K, 0% used [0x00000000d5f00000,0x00000000d5f00000,0x00000000d5f80000)
 ParOldGen       total 475136K, used 474932K [0x0000000080000000, 0x000000009d000000, 0x00000000d5580000)
  object space 475136K, 99% used [0x0000000080000000,0x000000009cfcd340,0x000000009d000000)
 Metaspace       used 72214K, committed 73664K, reserved 1114112K
  class space    used 8029K, committed 8704K, reserved 1048576K
}
Event: 628.299 GC heap after
{Heap after GC invocations=3058 (full 4):
 PSYoungGen      total 5632K, used 192K [0x00000000d5580000, 0x00000000d6000000, 0x0000000100000000)
  eden space 5120K, 0% used [0x00000000d5580000,0x00000000d5580000,0x00000000d5a80000)
  from space 512K, 37% used [0x00000000d5f00000,0x00000000d5f30000,0x00000000d5f80000)
  to   space 512K, 0% used [0x00000000d5f80000,0x00000000d5f80000,0x00000000d6000000)
 ParOldGen       total 475136K, used 474964K [0x0000000080000000, 0x000000009d000000, 0x00000000d5580000)
  object space 475136K, 99% used [0x0000000080000000,0x000000009cfd5340,0x000000009d000000)
 Metaspace       used 72214K, committed 73664K, reserved 1114112K
  class space    used 8029K, committed 8704K, reserved 1048576K
}
Event: 631.747 GC heap before
{Heap before GC invocations=3059 (full 4):
 PSYoungGen      total 5632K, used 5312K [0x00000000d5580000, 0x00000000d6000000, 0x0000000100000000)
  eden space 5120K, 100% used [0x00000000d5580000,0x00000000d5a80000,0x00000000d5a80000)
  from space 512K, 37% used [0x00000000d5f00000,0x00000000d5f30000,0x00000000d5f80000)
  to   space 512K, 0% used [0x00000000d5f80000,0x00000000d5f80000,0x00000000d6000000)
 ParOldGen       total 475136K, used 474964K [0x0000000080000000, 0x000000009d000000, 0x00000000d5580000)
  object space 475136K, 99% used [0x0000000080000000,0x000000009cfd5340,0x000000009d000000)
 Metaspace       used 72215K, committed 73664K, reserved 1114112K
  class space    used 8029K, committed 8704K, reserved 1048576K
}
Event: 631.764 GC heap after
{Heap after GC invocations=3059 (full 4):
 PSYoungGen      total 5632K, used 256K [0x00000000d5580000, 0x00000000d6000000, 0x0000000100000000)
  eden space 5120K, 0% used [0x00000000d5580000,0x00000000d5580000,0x00000000d5a80000)
  from space 512K, 50% used [0x00000000d5f80000,0x00000000d5fc0000,0x00000000d6000000)
  to   space 512K, 0% used [0x00000000d5f00000,0x00000000d5f00000,0x00000000d5f80000)
 ParOldGen       total 475136K, used 474988K [0x0000000080000000, 0x000000009d000000, 0x00000000d5580000)
  object space 475136K, 99% used [0x0000000080000000,0x000000009cfdb340,0x000000009d000000)
 Metaspace       used 72215K, committed 73664K, reserved 1114112K
  class space    used 8029K, committed 8704K, reserved 1048576K
}
Event: 632.895 GC heap before
{Heap before GC invocations=3060 (full 4):
 PSYoungGen      total 5632K, used 5376K [0x00000000d5580000, 0x00000000d6000000, 0x0000000100000000)
  eden space 5120K, 100% used [0x00000000d5580000,0x00000000d5a80000,0x00000000d5a80000)
  from space 512K, 50% used [0x00000000d5f80000,0x00000000d5fc0000,0x00000000d6000000)
  to   space 512K, 0% used [0x00000000d5f00000,0x00000000d5f00000,0x00000000d5f80000)
 ParOldGen       total 475136K, used 474988K [0x0000000080000000, 0x000000009d000000, 0x00000000d5580000)
  object space 475136K, 99% used [0x0000000080000000,0x000000009cfdb340,0x000000009d000000)
 Metaspace       used 72217K, committed 73664K, reserved 1114112K
  class space    used 8029K, committed 8704K, reserved 1048576K
}
Event: 632.901 GC heap after
{Heap after GC invocations=3060 (full 4):
 PSYoungGen      total 5632K, used 192K [0x00000000d5580000, 0x00000000d6000000, 0x0000000100000000)
  eden space 5120K, 0% used [0x00000000d5580000,0x00000000d5580000,0x00000000d5a80000)
  from space 512K, 37% used [0x00000000d5f00000,0x00000000d5f30000,0x00000000d5f80000)
  to   space 512K, 0% used [0x00000000d5f80000,0x00000000d5f80000,0x00000000d6000000)
 ParOldGen       total 475136K, used 475028K [0x0000000080000000, 0x000000009d000000, 0x00000000d5580000)
  object space 475136K, 99% used [0x0000000080000000,0x000000009cfe5340,0x000000009d000000)
 Metaspace       used 72217K, committed 73664K, reserved 1114112K
  class space    used 8029K, committed 8704K, reserved 1048576K
}
Event: 643.060 GC heap before
{Heap before GC invocations=3061 (full 4):
 PSYoungGen      total 5632K, used 5312K [0x00000000d5580000, 0x00000000d6000000, 0x0000000100000000)
  eden space 5120K, 100% used [0x00000000d5580000,0x00000000d5a80000,0x00000000d5a80000)
  from space 512K, 37% used [0x00000000d5f00000,0x00000000d5f30000,0x00000000d5f80000)
  to   space 512K, 0% used [0x00000000d5f80000,0x00000000d5f80000,0x00000000d6000000)
 ParOldGen       total 475136K, used 475028K [0x0000000080000000, 0x000000009d000000, 0x00000000d5580000)
  object space 475136K, 99% used [0x0000000080000000,0x000000009cfe5340,0x000000009d000000)
 Metaspace       used 72226K, committed 73664K, reserved 1114112K
  class space    used 8029K, committed 8704K, reserved 1048576K
}
Event: 643.070 GC heap after
{Heap after GC invocations=3061 (full 4):
 PSYoungGen      total 5632K, used 224K [0x00000000d5580000, 0x00000000d6000000, 0x0000000100000000)
  eden space 5120K, 0% used [0x00000000d5580000,0x00000000d5580000,0x00000000d5a80000)
  from space 512K, 43% used [0x00000000d5f80000,0x00000000d5fb8000,0x00000000d6000000)
  to   space 512K, 0% used [0x00000000d5f00000,0x00000000d5f00000,0x00000000d5f80000)
 ParOldGen       total 475136K, used 475052K [0x0000000080000000, 0x000000009d000000, 0x00000000d5580000)
  object space 475136K, 99% used [0x0000000080000000,0x000000009cfeb340,0x000000009d000000)
 Metaspace       used 72226K, committed 73664K, reserved 1114112K
  class space    used 8029K, committed 8704K, reserved 1048576K
}

