# JRE version: OpenJDK Runtime Environment Microsoft-10376486 (17.0.13+11) (build 17.0.13+11-LTS)
# Java VM: OpenJDK 64-Bit Server VM Microsoft-10376486 (17.0.13+11-LTS, mixed mode, sharing, tiered, compressed oops, compressed class ptrs, g1 gc, windows-amd64)
GC Precious Log:
 CPUs: 8 total, 8 available
 Memory: 7502M
 Large Page Support: Disabled
 NUMA Support: Disabled
 Compressed Oops: Enabled (32-bit)
 Heap Region Size: 1M
 Heap Min Capacity: 8M
 Heap Initial Capacity: 118M
 Heap Max Capacity: 2G
 Pre-touch: Disabled
 Parallel Workers: 8
 Concurrent Workers: 2
 Concurrent Refinement Workers: 8
 Periodic GC: Disabled
Heap:
 garbage-first heap   total 322560K, used 206978K [0x0000000080000000, 0x0000000100000000)
  region size 1024K, 35 young (35840K), 2 survivors (2048K)
 Metaspace       used 103323K, committed 104768K, reserved 557056K
  class space    used 14460K, committed 15104K, reserved 425984K
GC Heap History (20 events):
Event: 103.599 GC heap before
{Heap before GC invocations=67 (full 0):
 garbage-first heap   total 245760K, used 201556K [0x0000000080000000, 0x0000000100000000)
  region size 1024K, 72 young (73728K), 2 survivors (2048K)
 Metaspace       used 100442K, committed 101632K, reserved 557056K
  class space    used 14106K, committed 14656K, reserved 425984K
}
Event: 103.613 GC heap after
{Heap after GC invocations=68 (full 0):
 garbage-first heap   total 245760K, used 141042K [0x0000000080000000, 0x0000000100000000)
  region size 1024K, 9 young (9216K), 9 survivors (9216K)
 Metaspace       used 100442K, committed 101632K, reserved 557056K
  class space    used 14106K, committed 14656K, reserved 425984K
}
Event: 107.887 GC heap before
{Heap before GC invocations=68 (full 0):
 garbage-first heap   total 245760K, used 199410K [0x0000000080000000, 0x0000000100000000)
  region size 1024K, 66 young (67584K), 9 survivors (9216K)
 Metaspace       used 101641K, committed 102976K, reserved 557056K
  class space    used 14264K, committed 14848K, reserved 425984K
}
Event: 107.907 GC heap after
{Heap after GC invocations=69 (full 0):
 garbage-first heap   total 245760K, used 154436K [0x0000000080000000, 0x0000000100000000)
  region size 1024K, 9 young (9216K), 9 survivors (9216K)
 Metaspace       used 101641K, committed 102976K, reserved 557056K
  class space    used 14264K, committed 14848K, reserved 425984K
}
Event: 113.142 GC heap before
{Heap before GC invocations=69 (full 0):
 garbage-first heap   total 245760K, used 198468K [0x0000000080000000, 0x0000000100000000)
  region size 1024K, 52 young (53248K), 9 survivors (9216K)
 Metaspace       used 102873K, committed 104320K, reserved 557056K
  class space    used 14438K, committed 15040K, reserved 425984K
}
Event: 113.166 GC heap after
{Heap after GC invocations=70 (full 0):
 garbage-first heap   total 245760K, used 165128K [0x0000000080000000, 0x0000000100000000)
  region size 1024K, 7 young (7168K), 7 survivors (7168K)
 Metaspace       used 102873K, committed 104320K, reserved 557056K
  class space    used 14438K, committed 15040K, reserved 425984K
}
Event: 115.817 GC heap before
{Heap before GC invocations=71 (full 0):
 garbage-first heap   total 278528K, used 195848K [0x0000000080000000, 0x0000000100000000)
  region size 1024K, 38 young (38912K), 7 survivors (7168K)
 Metaspace       used 103004K, committed 104512K, reserved 557056K
  class space    used 14442K, committed 15104K, reserved 425984K
}
Event: 115.831 GC heap after
{Heap after GC invocations=72 (full 0):
 garbage-first heap   total 278528K, used 168554K [0x0000000080000000, 0x0000000100000000)
  region size 1024K, 4 young (4096K), 4 survivors (4096K)
 Metaspace       used 103004K, committed 104512K, reserved 557056K
  class space    used 14442K, committed 15104K, reserved 425984K
}
Event: 116.338 GC heap before
{Heap before GC invocations=72 (full 0):
 garbage-first heap   total 278528K, used 177770K [0x0000000080000000, 0x0000000100000000)
  region size 1024K, 13 young (13312K), 4 survivors (4096K)
 Metaspace       used 103004K, committed 104512K, reserved 557056K
  class space    used 14442K, committed 15104K, reserved 425984K
}
Event: 116.347 GC heap after
{Heap after GC invocations=73 (full 0):
 garbage-first heap   total 278528K, used 166253K [0x0000000080000000, 0x0000000100000000)
  region size 1024K, 2 young (2048K), 2 survivors (2048K)
 Metaspace       used 103004K, committed 104512K, reserved 557056K
  class space    used 14442K, committed 15104K, reserved 425984K
}
Event: 122.025 GC heap before
{Heap before GC invocations=73 (full 0):
 garbage-first heap   total 278528K, used 219501K [0x0000000080000000, 0x0000000100000000)
  region size 1024K, 55 young (56320K), 2 survivors (2048K)
 Metaspace       used 103262K, committed 104704K, reserved 557056K
  class space    used 14456K, committed 15104K, reserved 425984K
}
Event: 122.040 GC heap after
{Heap after GC invocations=74 (full 0):
 garbage-first heap   total 278528K, used 172730K [0x0000000080000000, 0x0000000100000000)
  region size 1024K, 7 young (7168K), 7 survivors (7168K)
 Metaspace       used 103262K, committed 104704K, reserved 557056K
  class space    used 14456K, committed 15104K, reserved 425984K
}
Event: 123.943 GC heap before
{Heap before GC invocations=74 (full 0):
 garbage-first heap   total 278528K, used 221882K [0x0000000080000000, 0x0000000100000000)
  region size 1024K, 56 young (57344K), 7 survivors (7168K)
 Metaspace       used 103266K, committed 104704K, reserved 557056K
  class space    used 14456K, committed 15104K, reserved 425984K
}
Event: 123.953 GC heap after
{Heap after GC invocations=75 (full 0):
 garbage-first heap   total 278528K, used 174554K [0x0000000080000000, 0x0000000100000000)
  region size 1024K, 4 young (4096K), 4 survivors (4096K)
 Metaspace       used 103266K, committed 104704K, reserved 557056K
  class space    used 14456K, committed 15104K, reserved 425984K
}
Event: 124.840 GC heap before
{Heap before GC invocations=75 (full 0):
 garbage-first heap   total 278528K, used 224730K [0x0000000080000000, 0x0000000100000000)
  region size 1024K, 54 young (55296K), 4 survivors (4096K)
 Metaspace       used 103266K, committed 104704K, reserved 557056K
  class space    used 14456K, committed 15104K, reserved 425984K
}
Event: 124.850 GC heap after
{Heap after GC invocations=76 (full 0):
 garbage-first heap   total 278528K, used 175278K [0x0000000080000000, 0x0000000100000000)
  region size 1024K, 5 young (5120K), 5 survivors (5120K)
 Metaspace       used 103266K, committed 104704K, reserved 557056K
  class space    used 14456K, committed 15104K, reserved 425984K
}
Event: 126.339 GC heap before
{Heap before GC invocations=77 (full 0):
 garbage-first heap   total 322560K, used 224430K [0x0000000080000000, 0x0000000100000000)
  region size 1024K, 54 young (55296K), 5 survivors (5120K)
 Metaspace       used 103270K, committed 104704K, reserved 557056K
  class space    used 14456K, committed 15104K, reserved 425984K
}
Event: 126.349 GC heap after
{Heap after GC invocations=78 (full 0):
 garbage-first heap   total 322560K, used 176168K [0x0000000080000000, 0x0000000100000000)
  region size 1024K, 5 young (5120K), 5 survivors (5120K)
 Metaspace       used 103270K, committed 104704K, reserved 557056K
  class space    used 14456K, committed 15104K, reserved 425984K
}
Event: 126.680 GC heap before
{Heap before GC invocations=78 (full 0):
 garbage-first heap   total 322560K, used 185384K [0x0000000080000000, 0x0000000100000000)
  region size 1024K, 15 young (15360K), 5 survivors (5120K)
 Metaspace       used 103271K, committed 104704K, reserved 557056K
  class space    used 14456K, committed 15104K, reserved 425984K
}
Event: 126.700 GC heap after
{Heap after GC invocations=79 (full 0):
 garbage-first heap   total 322560K, used 174210K [0x0000000080000000, 0x0000000100000000)
  region size 1024K, 2 young (2048K), 2 survivors (2048K)
 Metaspace       used 103271K, committed 104704K, reserved 557056K
  class space    used 14456K, committed 15104K, reserved 425984K
}

